<?xml version="1.0" encoding="UTF-8"?>
<!-- Generated by org.testng.reporters.JUnitXMLReporter -->
<testsuite ignored="0" hostname="LAPTOP-Q21C21C1" failures="1" tests="1" name="Test(failed)" time="0.089" errors="0" timestamp="2024-04-19T15:31:06 IST">
  <testcase classname="TestNg.ParameterTestNGEx6" name="login" time="0.0">
    <failure type="org.testng.TestNGException" message="
Parameter &amp;apos;Password&amp;apos; is required by @Test on method login but has not been marked @Optional or defined
in C:\Users\praty\eclipse-workspace\TestFrameworkProjects\test-output\testng-failed.xml">
      <![CDATA[org.testng.TestNGException: 
Parameter 'Password' is required by @Test on method login but has not been marked @Optional or defined
in C:\Users\praty\eclipse-workspace\TestFrameworkProjects\test-output\testng-failed.xml
at java.base/java.util.ArrayList.forEach(ArrayList.java:1511)
... Removed 26 stack frames]]>
    </failure>
  </testcase> <!-- login -->
</testsuite> <!-- Test(failed) -->
